# JRE version: OpenJDK Runtime Environment (11.0.11+9) (build 11.0.11+9-b60-7590822)
# Java VM: OpenJDK 64-Bit Server VM (11.0.11+9-b60-7590822, mixed mode, tiered, compressed oops, g1 gc, windows-amd64)
Heap:
 garbage-first heap   total 537600K, used 296743K [0x0000000080000000, 0x0000000100000000)
  region size 1024K, 125 young (128000K), 1 survivors (1024K)
 Metaspace       used 138116K, capacity 141732K, committed 141772K, reserved 1173504K
  class space    used 16979K, capacity 18348K, committed 18380K, reserved 1048576K
GC Heap History (20 events):
Event: 2522.090 GC heap before
{Heap before GC invocations=122 (full 0):
 garbage-first heap   total 368640K, used 310815K [0x0000000080000000, 0x0000000100000000)
  region size 1024K, 129 young (132096K), 2 survivors (2048K)
 Metaspace       used 137907K, capacity 141450K, committed 141516K, reserved 1173504K
  class space    used 16974K, capacity 18343K, committed 18380K, reserved 1048576K
}
Event: 2522.108 GC heap after
{Heap after GC invocations=123 (full 0):
 garbage-first heap   total 472064K, used 181187K [0x0000000080000000, 0x0000000100000000)
  region size 1024K, 3 young (3072K), 3 survivors (3072K)
 Metaspace       used 137907K, capacity 141450K, committed 141516K, reserved 1173504K
  class space    used 16974K, capacity 18343K, committed 18380K, reserved 1048576K
}
Event: 2525.997 GC heap before
{Heap before GC invocations=123 (full 0):
 garbage-first heap   total 472064K, used 356291K [0x0000000080000000, 0x0000000100000000)
  region size 1024K, 174 young (178176K), 3 survivors (3072K)
 Metaspace       used 137945K, capacity 141529K, committed 141772K, reserved 1173504K
  class space    used 16977K, capacity 18348K, committed 18380K, reserved 1048576K
}
Event: 2526.042 GC heap after
{Heap after GC invocations=124 (full 0):
 garbage-first heap   total 472064K, used 184704K [0x0000000080000000, 0x0000000100000000)
  region size 1024K, 6 young (6144K), 6 survivors (6144K)
 Metaspace       used 137945K, capacity 141529K, committed 141772K, reserved 1173504K
  class space    used 16977K, capacity 18348K, committed 18380K, reserved 1048576K
}
Event: 2528.498 GC heap before
{Heap before GC invocations=124 (full 0):
 garbage-first heap   total 472064K, used 384384K [0x0000000080000000, 0x0000000100000000)
  region size 1024K, 198 young (202752K), 6 survivors (6144K)
 Metaspace       used 137978K, capacity 141530K, committed 141772K, reserved 1173504K
  class space    used 16977K, capacity 18348K, committed 18380K, reserved 1048576K
}
Event: 2528.525 GC heap after
{Heap after GC invocations=125 (full 0):
 garbage-first heap   total 472064K, used 182191K [0x0000000080000000, 0x0000000100000000)
  region size 1024K, 4 young (4096K), 4 survivors (4096K)
 Metaspace       used 137978K, capacity 141530K, committed 141772K, reserved 1173504K
  class space    used 16977K, capacity 18348K, committed 18380K, reserved 1048576K
}
Event: 2531.381 GC heap before
{Heap before GC invocations=125 (full 0):
 garbage-first heap   total 472064K, used 377775K [0x0000000080000000, 0x0000000100000000)
  region size 1024K, 195 young (199680K), 4 survivors (4096K)
 Metaspace       used 137983K, capacity 141594K, committed 141772K, reserved 1173504K
  class space    used 16977K, capacity 18348K, committed 18380K, reserved 1048576K
}
Event: 2531.470 GC heap after
{Heap after GC invocations=126 (full 0):
 garbage-first heap   total 472064K, used 183369K [0x0000000080000000, 0x0000000100000000)
  region size 1024K, 5 young (5120K), 5 survivors (5120K)
 Metaspace       used 137983K, capacity 141594K, committed 141772K, reserved 1173504K
  class space    used 16977K, capacity 18348K, committed 18380K, reserved 1048576K
}
Event: 2536.288 GC heap before
{Heap before GC invocations=126 (full 0):
 garbage-first heap   total 472064K, used 382025K [0x0000000080000000, 0x0000000100000000)
  region size 1024K, 199 young (203776K), 5 survivors (5120K)
 Metaspace       used 137987K, capacity 141594K, committed 141772K, reserved 1173504K
  class space    used 16977K, capacity 18348K, committed 18380K, reserved 1048576K
}
Event: 2536.354 GC heap after
{Heap after GC invocations=127 (full 0):
 garbage-first heap   total 472064K, used 184492K [0x0000000080000000, 0x0000000100000000)
  region size 1024K, 6 young (6144K), 6 survivors (6144K)
 Metaspace       used 137987K, capacity 141594K, committed 141772K, reserved 1173504K
  class space    used 16977K, capacity 18348K, committed 18380K, reserved 1048576K
}
Event: 2542.636 GC heap before
{Heap before GC invocations=127 (full 0):
 garbage-first heap   total 472064K, used 398508K [0x0000000080000000, 0x0000000100000000)
  region size 1024K, 215 young (220160K), 6 survivors (6144K)
 Metaspace       used 138002K, capacity 141594K, committed 141772K, reserved 1173504K
  class space    used 16977K, capacity 18348K, committed 18380K, reserved 1048576K
}
Event: 2542.729 GC heap after
{Heap after GC invocations=128 (full 0):
 garbage-first heap   total 472064K, used 185168K [0x0000000080000000, 0x0000000100000000)
  region size 1024K, 7 young (7168K), 7 survivors (7168K)
 Metaspace       used 138002K, capacity 141594K, committed 141772K, reserved 1173504K
  class space    used 16977K, capacity 18348K, committed 18380K, reserved 1048576K
}
Event: 2548.526 GC heap before
{Heap before GC invocations=128 (full 0):
 garbage-first heap   total 472064K, used 322384K [0x0000000080000000, 0x0000000100000000)
  region size 1024K, 142 young (145408K), 7 survivors (7168K)
 Metaspace       used 138040K, capacity 141600K, committed 141772K, reserved 1173504K
  class space    used 16978K, capacity 18348K, committed 18380K, reserved 1048576K
}
Event: 2548.721 GC heap after
{Heap after GC invocations=129 (full 0):
 garbage-first heap   total 537600K, used 187615K [0x0000000080000000, 0x0000000100000000)
  region size 1024K, 9 young (9216K), 9 survivors (9216K)
 Metaspace       used 138040K, capacity 141600K, committed 141772K, reserved 1173504K
  class space    used 16978K, capacity 18348K, committed 18380K, reserved 1048576K
}
Event: 2554.139 GC heap before
{Heap before GC invocations=130 (full 0):
 garbage-first heap   total 537600K, used 305375K [0x0000000080000000, 0x0000000100000000)
  region size 1024K, 124 young (126976K), 9 survivors (9216K)
 Metaspace       used 138058K, capacity 141600K, committed 141772K, reserved 1173504K
  class space    used 16979K, capacity 18348K, committed 18380K, reserved 1048576K
}
Event: 2554.379 GC heap after
{Heap after GC invocations=131 (full 0):
 garbage-first heap   total 537600K, used 185174K [0x0000000080000000, 0x0000000100000000)
  region size 1024K, 6 young (6144K), 6 survivors (6144K)
 Metaspace       used 138058K, capacity 141600K, committed 141772K, reserved 1173504K
  class space    used 16979K, capacity 18348K, committed 18380K, reserved 1048576K
}
Event: 2554.554 GC heap before
{Heap before GC invocations=131 (full 0):
 garbage-first heap   total 537600K, used 204630K [0x0000000080000000, 0x0000000100000000)
  region size 1024K, 26 young (26624K), 6 survivors (6144K)
 Metaspace       used 138060K, capacity 141600K, committed 141772K, reserved 1173504K
  class space    used 16979K, capacity 18348K, committed 18380K, reserved 1048576K
}
Event: 2554.665 GC heap after
{Heap after GC invocations=132 (full 0):
 garbage-first heap   total 537600K, used 175039K [0x0000000080000000, 0x0000000100000000)
  region size 1024K, 3 young (3072K), 3 survivors (3072K)
 Metaspace       used 138060K, capacity 141600K, committed 141772K, reserved 1173504K
  class space    used 16979K, capacity 18348K, committed 18380K, reserved 1048576K
}
Event: 2554.892 GC heap before
{Heap before GC invocations=132 (full 0):
 garbage-first heap   total 537600K, used 198591K [0x0000000080000000, 0x0000000100000000)
  region size 1024K, 26 young (26624K), 3 survivors (3072K)
 Metaspace       used 138063K, capacity 141600K, committed 141772K, reserved 1173504K
  class space    used 16979K, capacity 18348K, committed 18380K, reserved 1048576K
}
Event: 2554.919 GC heap after
{Heap after GC invocations=133 (full 0):
 garbage-first heap   total 537600K, used 169767K [0x0000000080000000, 0x0000000100000000)
  region size 1024K, 1 young (1024K), 1 survivors (1024K)
 Metaspace       used 138063K, capacity 141600K, committed 141772K, reserved 1173504K
  class space    used 16979K, capacity 18348K, committed 18380K, reserved 1048576K
}

